27/06/2021 22:03:33	This log contains information about the import schema operation into project 'AuthenticationDatabase' on computer 'DESKTOP-AQCQP3N' by user 'Dan.G'.
27/06/2021 22:03:34	Import of database schema has started.
27/06/2021 22:03:38	Gathering database credentials
27/06/2021 22:03:38	Gathering database options
27/06/2021 22:03:38	Gathering users
27/06/2021 22:03:38	Gathering roles
27/06/2021 22:03:38	Gathering application roles
27/06/2021 22:03:38	Gathering role memberships
27/06/2021 22:03:38	Gathering filegroups
27/06/2021 22:03:38	Gathering full-text catalogs
27/06/2021 22:03:38	Gathering assemblies
27/06/2021 22:03:38	Gathering certificates
27/06/2021 22:03:38	Gathering asymmetric keys
27/06/2021 22:03:38	Gathering symmetric keys
27/06/2021 22:03:38	Gathering encrypted symmetric keys
27/06/2021 22:03:38	Gathering schemas
27/06/2021 22:03:38	Gathering XML schema collections
27/06/2021 22:03:38	Gathering user-defined data types
27/06/2021 22:03:38	Gathering user-defined types
27/06/2021 22:03:38	Gathering table types
27/06/2021 22:03:38	Gathering unique keys for table types
27/06/2021 22:03:38	Gathering primary keys for table types
27/06/2021 22:03:38	Gathering indexes for table types
27/06/2021 22:03:38	Gathering check constraints for table types
27/06/2021 22:03:38	Gathering default constraints for table types
27/06/2021 22:03:38	Gathering partition functions
27/06/2021 22:03:38	Gathering partition schemes
27/06/2021 22:03:38	Gathering functions
27/06/2021 22:03:38	Gathering encrypted functions
27/06/2021 22:03:38	Gathering aggregates
27/06/2021 22:03:38	Gathering procedures
27/06/2021 22:03:38	Gathering encrypted procedures
27/06/2021 22:03:38	Gathering tables
27/06/2021 22:03:38	Gathering primary keys
27/06/2021 22:03:38	Gathering unique constraints
27/06/2021 22:03:38	Gathering foreign keys
27/06/2021 22:03:38	Gathering default constraints
27/06/2021 22:03:38	Gathering check constraints
27/06/2021 22:03:38	Gathering views
27/06/2021 22:03:38	Gathering encrypted views
27/06/2021 22:03:38	Gathering indexes
27/06/2021 22:03:38	Gathering statistics
27/06/2021 22:03:38	Gathering full-text index stoplists
27/06/2021 22:03:38	Gathering search property lists
27/06/2021 22:03:38	Gathering search properties
27/06/2021 22:03:38	Gathering full-text indexes
27/06/2021 22:03:38	Gathering column store indexes
27/06/2021 22:03:38	Gathering spatial indexes
27/06/2021 22:03:38	Gathering XML indexes
27/06/2021 22:03:38	Gathering Selective XML indexes
27/06/2021 22:03:38	Gathering encrypted triggers
27/06/2021 22:03:38	Gathering triggers
27/06/2021 22:03:38	Gathering encrypted and clr ddl triggers
27/06/2021 22:03:38	Gathering ddl triggers
27/06/2021 22:03:38	Gathering synonyms
27/06/2021 22:03:38	Gathering defaults
27/06/2021 22:03:38	Gathering data constraint uddt bindings
27/06/2021 22:03:38	Gathering rules
27/06/2021 22:03:38	Gathering data constraint uddt bindings
27/06/2021 22:03:38	Gathering message types
27/06/2021 22:03:38	Gathering queues
27/06/2021 22:03:38	Gathering contracts
27/06/2021 22:03:38	Gathering services
27/06/2021 22:03:38	Gathering event notifications
27/06/2021 22:03:38	Gathering remote service bindings
27/06/2021 22:03:38	Gathering broker priorities
27/06/2021 22:03:38	Gathering signatures
27/06/2021 22:03:38	Gathering data compression options
27/06/2021 22:03:39	Gathering sequence types
27/06/2021 22:03:39	Gathering security policies
27/06/2021 22:03:39	Gather column encryption keys
27/06/2021 22:03:39	Gathering column master keys
27/06/2021 22:03:39	Gathering external data sources
27/06/2021 22:03:39	Gathering external file formats
27/06/2021 22:03:39	Gathering external tables
27/06/2021 22:03:39	Gathering extended properties
27/06/2021 22:03:39	Gathering credentials
27/06/2021 22:03:39	Gathering logins
27/06/2021 22:03:39	Gathering server audits
27/06/2021 22:03:40	Scanning project for duplicate elements
27/06/2021 22:03:40	Finished duplicate element processing
27/06/2021 22:03:40	Finished importing database.
27/06/2021 22:03:40	A summary of the import was saved to the following location: C:\Users\Dan.G\source\repos\RestaurantDemoApp\AuthenticationDatabase\Import Schema Logs\AuthenticationDataba_20210627090333.log
27/06/2021 22:03:40	Click Finish to continue...
